\BOOKMARK [1][-]{section.1}{\376\377\121\231\127\050\122\115\227\142}{}% 1
\BOOKMARK [1][-]{section.2}{\376\377\000L\000e\000c\000\040\0001\000-\0006\213\376\172\013\151\202\211\201}{}% 2
\BOOKMARK [2][-]{subsection.2.1}{\376\377\215\335\171\273\121\375\145\160}{section.2}% 3
\BOOKMARK [2][-]{subsection.2.2}{\376\377\000K\000N\000N}{section.2}% 4
\BOOKMARK [2][-]{subsection.2.3}{\376\377\000S\000V\000M}{section.2}% 5
\BOOKMARK [2][-]{subsection.2.4}{\376\377\143\137\131\061\121\375\145\160}{section.2}% 6
\BOOKMARK [2][-]{subsection.2.5}{\376\377\153\143\122\031\123\026}{section.2}% 7
\BOOKMARK [2][-]{subsection.2.6}{\376\377\000B\000P\173\227\154\325}{section.2}% 8
\BOOKMARK [2][-]{subsection.2.7}{\376\377\000N\000N}{section.2}% 9
\BOOKMARK [2][-]{subsection.2.8}{\376\377\000C\000N\000N}{section.2}% 10
\BOOKMARK [2][-]{subsection.2.9}{\376\377\157\300\155\073\121\375\145\160}{section.2}% 11
\BOOKMARK [2][-]{subsection.2.10}{\376\377\145\160\143\156\131\004\164\006}{section.2}% 12
\BOOKMARK [2][-]{subsection.2.11}{\376\377\123\302\145\160\122\035\131\313\123\026}{section.2}% 13
\BOOKMARK [2][-]{subsection.2.12}{\376\377\000B\000a\000t\000c\000h\000\040\000N\000o\000r\000m\000a\000l\000i\000z\000a\000t\000i\000o\000n}{section.2}% 14
\BOOKMARK [2][-]{subsection.2.13}{\376\377\000N\000o\000r\000m\000\040\000F\000o\000r\000\040\000C\000o\000n\000v\000.}{section.2}% 15
\BOOKMARK [1][-]{section.3}{\376\377\000A\000s\000s\000i\000g\000n\000m\000e\000n\000t\0001}{}% 16
\BOOKMARK [2][-]{subsection.3.1}{\376\377\000K\000N\000N}{section.3}% 17
\BOOKMARK [2][-]{subsection.3.2}{\376\377\000S\000V\000M}{section.3}% 18
\BOOKMARK [2][-]{subsection.3.3}{\376\377\000s\000o\000f\000t\000m\000a\000x}{section.3}% 19
\BOOKMARK [2][-]{subsection.3.4}{\376\377\000F\000C\000\040\000N\000e\000t}{section.3}% 20
\BOOKMARK [1][-]{section.4}{\376\377\000G\000A\000T}{}% 21
\BOOKMARK [2][-]{subsection.4.1}{\376\377\000t\000h\000e\000o\000r\000y}{section.4}% 22
\BOOKMARK [2][-]{subsection.4.2}{\376\377\000c\000o\000d\000e\000s}{section.4}% 23
